a,scenario_type,event_type,foo,s23,bar,paris~
a,scenario_type,event_type,foo,s25,bar,paris~
a,scenario_type,event_type,foo,s26,bar,paris~
a,scenario_type,event_type,foo,s28,bar,paris~
a,scenario_type,event_type,foo,s23,bar,paris~
a,scenario_type,event_type,foo,s25,bar,paris~
a,scenario_type,event_type,foo,s26,bar,paris~
a,scenario_type,event_type,foo,s29,bar,paris~
a,scenario_type,event_type,foo,s23,bar,paris~
a,scenario_type,event_type,foo,s25,bar,paris~
a,scenario_type,event_type,foo,s26,bar,paris~
a,scenario_type,event_type,foo,s29,bar,paris~
a,scenario_type,event_type,foo,s23,bar,paris~
a,scenario_type,event_type,foo,s25,bar,paris~
a,scenario_type,event_type,foo,s26,bar,paris~
a,scenario_type,event_type,foo,s29,bar,paris~
a,scenario_type,event_type,foo,s23,bar,paris~
a,scenario_type,event_type,foo,s25,bar,paris~
a,scenario_type,event_type,foo,s26,bar,paris~
a,scenario_type,event_type,foo,s29,bar,paris~
a,scenario_type,event_type,foo,s31,bar_baz,b~
a,scenario_type,event_type,city_actor,0015,foo,s31,bar_baz,b~
a,scenario_type,event_type,city_actor,0015,foo,s31,bar_baz,b~
a,scenario_type,event_type,city_actor,0016,foo,s32,bar_baz,c~
a,0015,scenario_type,event_type,city_actor,0015,foo,s31,bar_baz,b~
a,0016,scenario_type,event_type,city_actor,0016,foo,s32,bar_baz,c~
a,0017,scenario_type,event_type,city_actor,0017,foo,s32,bar_baz,c~
a,0015,scenario_type,event_type,city_actor,0015,foo,s31,bar_baz,b~
a,0016,scenario_type,event_type,city_actor,0016,foo,s32,bar_baz,c~
a,0023,scenario_type,event_type,city_actor,0023,foo,s32,bar_baz,c~
a,0015,scenario_type,event_type,city_actor,0015,foo,s31,bar_baz,b~
a,0017,scenario_type,event_type,city_actor,0017,foo,s32,bar_baz,c~
a,0023,scenario_type,event_type,city_actor,0023,foo,s32,bar_baz,c~
